<?xml version="1.0" encoding="utf-8"?><testsuites name="pytest tests"><testsuite name="pytest" errors="0" failures="0" skipped="0" tests="22" time="4.793" timestamp="2026-07-28T17:30:21.433921+00:00" hostname="agent-env-65854641-411b-4009-a757-f46d294f9bcd"><testcase classname="backend.tests.test_iteration3.TestOrderIdFormat" name="test_new_order_id_format_and_unpaid_default" time="0.308" /><testcase classname="backend.tests.test_iteration3.TestOrderIdFormat" name="test_multiple_orders_unique_ids" time="0.318" /><testcase classname="backend.tests.test_iteration3.TestRazorpaySettings" name="test_status_initial_not_configured" time="0.161" /><testcase classname="backend.tests.test_iteration3.TestRazorpaySettings" name="test_save_settings_missing_blank_400" time="0.158" /><testcase classname="backend.tests.test_iteration3.TestRazorpaySettings" name="test_save_settings_ok_and_masked" time="0.158" /><testcase classname="backend.tests.test_iteration3.TestRazorpaySettings" name="test_save_settings_upsert" time="0.204" /><testcase classname="backend.tests.test_iteration3.TestRazorpaySettings" name="test_delete_settings" time="0.156" /><testcase classname="backend.tests.test_iteration3.TestRazorpayIntent" name="test_intent_when_not_configured_503" time="0.187" /><testcase classname="backend.tests.test_iteration3.TestRazorpayIntent" name="test_intent_empty_items_400" time="0.161" /><testcase classname="backend.tests.test_iteration3.TestRazorpayIntent" name="test_intent_configured_but_bad_keys_502" time="0.976" /><testcase classname="backend.tests.test_iteration3.TestRazorpayFinalize" name="test_finalize_wrong_signature_400_no_order_created" time="0.168" /><testcase classname="backend.tests.test_iteration3.TestRazorpayFinalize" name="test_finalize_correct_signature_creates_paid_order" time="0.306" /><testcase classname="backend.tests.test_iteration3.TestRazorpayFinalize" name="test_finalize_unknown_intent_404" time="0.079" /><testcase classname="backend.tests.test_iteration3.TestDailyReport" name="test_default_today" time="0.110" /><testcase classname="backend.tests.test_iteration3.TestDailyReport" name="test_date_filter_ok" time="0.088" /><testcase classname="backend.tests.test_iteration3.TestDailyReport" name="test_date_filter_invalid_400" time="0.145" /><testcase classname="backend.tests.test_iteration3.TestDailyReport" name="test_report_contains_new_order" time="0.257" /><testcase classname="backend.tests.test_iteration3.TestRegression" name="test_auth_still_works" time="0.078" /><testcase classname="backend.tests.test_iteration3.TestRegression" name="test_categories_still_work" time="0.076" /><testcase classname="backend.tests.test_iteration3.TestRegression" name="test_menu_still_works" time="0.078" /><testcase classname="backend.tests.test_iteration3.TestRegression" name="test_orders_lifecycle_still_works" time="0.332" /><testcase classname="backend.tests.test_iteration3" name="test_final_cleanup" time="0.148" /></testsuite></testsuites>