<?xml version="1.0" encoding="utf-8"?><testsuites name="pytest tests"><testsuite name="pytest" errors="0" failures="0" skipped="0" tests="17" time="2.009" timestamp="2026-08-03T15:39:14.900573+00:00" hostname="agent-env-65854641-411b-4009-a757-f46d294f9bcd"><testcase classname="backend.tests.test_iteration4.TestCancelStatus" name="test_pending_to_cancelled" time="0.459" /><testcase classname="backend.tests.test_iteration4.TestCancelStatus" name="test_preparing_to_cancelled" time="0.165" /><testcase classname="backend.tests.test_iteration4.TestCancelStatus" name="test_cancelled_order_still_fetchable" time="0.161" /><testcase classname="backend.tests.test_iteration4.TestCancelStatus" name="test_cancelled_appears_in_status_filter" time="0.172" /><testcase classname="backend.tests.test_iteration4.TestCancelStatus" name="test_invalid_status_422" time="0.104" /><testcase classname="backend.tests.test_iteration4.TestCancelStatus" name="test_unknown_order_cancel_404" time="0.051" /><testcase classname="backend.tests.test_iteration4.TestLifecycle" name="test_pending_preparing_completed" time="0.206" /><testcase classname="backend.tests.test_iteration4.TestRegression" name="test_auth_master" time="0.055" /><testcase classname="backend.tests.test_iteration4.TestRegression" name="test_auth_chef" time="0.047" /><testcase classname="backend.tests.test_iteration4.TestRegression" name="test_auth_admin" time="0.045" /><testcase classname="backend.tests.test_iteration4.TestRegression" name="test_auth_bad_password_401" time="0.052" /><testcase classname="backend.tests.test_iteration4.TestRegression" name="test_categories_list" time="0.050" /><testcase classname="backend.tests.test_iteration4.TestRegression" name="test_menu_list" time="0.050" /><testcase classname="backend.tests.test_iteration4.TestRegression" name="test_orders_list_all" time="0.178" /><testcase classname="backend.tests.test_iteration4.TestRegression" name="test_orders_pending_filter_excludes_cancelled" time="0.051" /><testcase classname="backend.tests.test_iteration4.TestRegression" name="test_rzp_status_endpoint" time="0.050" /><testcase classname="backend.tests.test_iteration4.TestRegression" name="test_new_order_id_format_still" time="0.047" /></testsuite></testsuites>