<?xml version="1.0" encoding="utf-8"?><testsuites name="pytest tests"><testsuite name="pytest" errors="0" failures="0" skipped="0" tests="27" time="2.969" timestamp="2026-07-28T15:10:43.540561+00:00" hostname="agent-env-65854641-411b-4009-a757-f46d294f9bcd"><testcase classname="backend.tests.test_servesync.TestAuth" name="test_verify_admin_ok" time="0.320" /><testcase classname="backend.tests.test_servesync.TestAuth" name="test_verify_master_ok" time="0.076" /><testcase classname="backend.tests.test_servesync.TestAuth" name="test_verify_chef_ok" time="0.068" /><testcase classname="backend.tests.test_servesync.TestAuth" name="test_verify_wrong_password" time="0.070" /><testcase classname="backend.tests.test_servesync.TestAuth" name="test_verify_invalid_role" time="0.074" /><testcase classname="backend.tests.test_servesync.TestCategories" name="test_list_seed_categories" time="0.131" /><testcase classname="backend.tests.test_servesync.TestCategories" name="test_create_category" time="0.076" /><testcase classname="backend.tests.test_servesync.TestCategories" name="test_create_duplicate_idempotent" time="0.073" /><testcase classname="backend.tests.test_servesync.TestCategories" name="test_create_empty_name_400" time="0.066" /><testcase classname="backend.tests.test_servesync.TestCategories" name="test_delete_cascades_items" time="0.281" /><testcase classname="backend.tests.test_servesync.TestCategories" name="test_delete_nonexistent_category_404" time="0.087" /><testcase classname="backend.tests.test_servesync.TestCategories" name="test_delete_created_category" time="0.073" /><testcase classname="backend.tests.test_servesync.TestMenu" name="test_root" time="0.068" /><testcase classname="backend.tests.test_servesync.TestMenu" name="test_list_menu_no_id_leak" time="0.070" /><testcase classname="backend.tests.test_servesync.TestMenu" name="test_seed_items_have_category" time="0.067" /><testcase classname="backend.tests.test_servesync.TestMenu" name="test_seed_items_tags" time="0.078" /><testcase classname="backend.tests.test_servesync.TestMenu" name="test_create_menu_missing_category_fails" time="0.078" /><testcase classname="backend.tests.test_servesync.TestMenu" name="test_create_menu_empty_category_400" time="0.071" /><testcase classname="backend.tests.test_servesync.TestMenu" name="test_create_menu_with_tag" time="0.072" /><testcase classname="backend.tests.test_servesync.TestMenu" name="test_invalid_tag_rejected" time="0.229" /><testcase classname="backend.tests.test_servesync.TestMenu" name="test_category_filter" time="0.068" /><testcase classname="backend.tests.test_servesync.TestMenu" name="test_delete_created_item" time="0.070" /><testcase classname="backend.tests.test_servesync.TestMenu" name="test_delete_nonexistent_menu" time="0.068" /><testcase classname="backend.tests.test_servesync.TestOrders" name="test_create_order_empty_400" time="0.070" /><testcase classname="backend.tests.test_servesync.TestOrders" name="test_create_order" time="0.143" /><testcase classname="backend.tests.test_servesync.TestOrders" name="test_transition_lifecycle" time="0.205" /><testcase classname="backend.tests.test_servesync.TestOrders" name="test_get_order_404" time="0.068" /></testsuite></testsuites>